<?xml version="1.0" encoding="UTF-8"?>
<!-- Generated by org.testng.reporters.JUnitReportReporter -->
<testsuite hostname="huseyincakiroglu" failures="0" tests="2" name="sirketadi.Tests.ErrorValidationsTest" time="33.499" errors="0" timestamp="2022-09-14T16:27:24 TRT" skipped="0">
  <testcase classname="sirketadi.Tests.ErrorValidationsTest" name="ProductErrorValidations" time="23.813"/>
  <system-out/>
  <testcase classname="sirketadi.Tests.ErrorValidationsTest" name="LoginErrorValidations" time="9.686"/>
  <system-out/>
</testsuite> <!-- sirketadi.Tests.ErrorValidationsTest -->
