<?xml version="1.0" encoding="UTF-8"?>
<!-- Generated by org.testng.reporters.JUnitReportReporter -->
<testsuite hostname="huseyincakiroglu" failures="0" tests="3" name="sirketadi.Tests.SubmitOrderTest3" time="38.530" errors="0" timestamp="2022-09-16T10:19:15 TRT" skipped="0">
  <testcase classname="sirketadi.Tests.SubmitOrderTest3" name="submitOrder" time="16.234"/>
  <system-out/>
  <testcase classname="sirketadi.Tests.SubmitOrderTest3" name="submitOrder" time="15.512"/>
  <system-out/>
  <testcase classname="sirketadi.Tests.SubmitOrderTest3" name="OrderHistoryTest" time="6.784"/>
  <system-out/>
</testsuite> <!-- sirketadi.Tests.SubmitOrderTest3 -->
