<?xml version="1.0" encoding="UTF-8"?>
<!-- Generated by org.testng.reporters.JUnitReportReporter -->
<testsuite hostname="huseyincakiroglu" failures="0" tests="2" name="sirketadi.Tests.ErrorValidations" time="20.644" errors="0" timestamp="2022-09-14T10:14:55 TRT" skipped="0">
  <testcase classname="sirketadi.Tests.ErrorValidations" name="LoginErrorValidations" time="5.577"/>
  <system-out/>
  <testcase classname="sirketadi.Tests.ErrorValidations" name="ProductErrorValidations" time="15.067"/>
  <system-out/>
</testsuite> <!-- sirketadi.Tests.ErrorValidations -->
